<?xml version="1.0" encoding="UTF-8"?>
<!-- Generated by org.testng.reporters.JUnitReportReporter -->
<testsuite hostname="LTIN461937" failures="0" tests="2" name="testCases.TC003_GiftCard" time="143.009" errors="0" timestamp="2024-05-08T17:52:26 IST" skipped="0">
  <testcase classname="testCases.TC003_GiftCard" name="validateGiftCard" time="56.311"/>
  <testcase classname="testCases.TC003_GiftCard" name="validateGiftCard" time="86.698"/>
</testsuite> <!-- testCases.TC003_GiftCard -->
