<?xml version="1.0" encoding="UTF-8"?>
<!-- Generated by org.testng.reporters.JUnitReportReporter -->
<testsuite hostname="LTIN461937" failures="0" tests="2" name="testCases.TC002_CollectionPage" time="153.742" errors="0" timestamp="2024-05-08T17:52:26 IST" skipped="0">
  <testcase classname="testCases.TC002_CollectionPage" name="validationOnCollections" time="80.713"/>
  <testcase classname="testCases.TC002_CollectionPage" name="validationOnCollections" time="73.029"/>
</testsuite> <!-- testCases.TC002_CollectionPage -->
