<?xml version="1.0" encoding="UTF-8"?>
<!-- Generated by org.testng.reporters.JUnitReportReporter -->
<testsuite hostname="LTIN461937" failures="0" tests="2" name="testCases.TC001__HomePage" time="43.982" errors="0" timestamp="2024-05-08T17:52:26 IST" skipped="0">
  <testcase classname="testCases.TC001__HomePage" name="clickOnBookShelves" time="22.113"/>
  <testcase classname="testCases.TC001__HomePage" name="clickOnBookShelves" time="21.869"/>
</testsuite> <!-- testCases.TC001__HomePage -->
